<?xml version="1.0" encoding="UTF-8" ?>
<testsuite tests="2" failures="0" name="Entity.ValidatorTest.ClientValidationTest" time="4.15" errors="2" skipped="0">
  <properties>
[...]
</properties>
  <testcase classname="Entity.ValidatorTest.ClientValidationTest" name="atualizarClientInvalido" time="0.073">
    <error message="Unexpected exception, expected&lt;javax.validation.ConstraintViolationException&gt; but was&lt;javax.validation.UnexpectedTypeException&gt;" type="java.lang.Exception">java.lang.Exception: Unexpected exception, expected&lt;javax.validation.ConstraintViolationException&gt; but was&lt;javax.validation.UnexpectedTypeException&gt;
	at org.junit.internal.runners.statements.ExpectException.evaluate(ExpectException.java:28)
	at org.junit.internal.runners.statements.RunBefores.evaluate(RunBefores.java:26)
	at org.junit.internal.runners.statements.RunAfters.evaluate(RunAfters.java:27)
	at org.junit.runners.ParentRunner.runLeaf(ParentRunner.java:325)
	at org.junit.runners.BlockJUnit4ClassRunner.runChild(BlockJUnit4ClassRunner.java:78)
	at org.junit.runners.BlockJUnit4ClassRunner.runChild(BlockJUnit4ClassRunner.java:57)
	at org.junit.runners.ParentRunner$3.run(ParentRunner.java:290)
	at org.junit.runners.ParentRunner$1.schedule(ParentRunner.java:71)
	at org.junit.runners.ParentRunner.runChildren(ParentRunner.java:288)
	at org.junit.runners.ParentRunner.access$000(ParentRunner.java:58)
	at org.junit.runners.ParentRunner$2.evaluate(ParentRunner.java:268)
	at org.junit.internal.runners.statements.RunBefores.evaluate(RunBefores.java:26)
	at org.junit.internal.runners.statements.RunAfters.evaluate(RunAfters.java:27)
	at org.junit.runners.ParentRunner.run(ParentRunner.java:363)
	at org.apache.maven.surefire.junit4.JUnit4TestSet.execute(JUnit4TestSet.java:53)
	at org.apache.maven.surefire.junit4.JUnit4Provider.executeTestSet(JUnit4Provider.java:123)
	at org.apache.maven.surefire.junit4.JUnit4Provider.invoke(JUnit4Provider.java:104)
	at sun.reflect.NativeMethodAccessorImpl.invoke0(Native Method)
	at sun.reflect.NativeMethodAccessorImpl.invoke(NativeMethodAccessorImpl.java:62)
	at sun.reflect.DelegatingMethodAccessorImpl.invoke(DelegatingMethodAccessorImpl.java:43)
	at java.lang.reflect.Method.invoke(Method.java:498)
	at org.apache.maven.surefire.util.ReflectionUtils.invokeMethodWithArray(ReflectionUtils.java:164)
	at org.apache.maven.surefire.booter.ProviderFactory$ProviderProxy.invoke(ProviderFactory.java:110)
	at org.apache.maven.surefire.booter.SurefireStarter.invokeProvider(SurefireStarter.java:175)
	at org.apache.maven.surefire.booter.SurefireStarter.runSuitesInProcessWhenForked(SurefireStarter.java:107)
	at org.apache.maven.surefire.booter.ForkedBooter.main(ForkedBooter.java:68)
Caused by: javax.validation.UnexpectedTypeException: HV000030: No validator could be found for type: Entity.Enum.StatusUser.
	at org.hibernate.validator.internal.engine.constraintvalidation.ConstraintValidatorManager.verifyResolveWasUnique(ConstraintValidatorManager.java:218)
	at org.hibernate.validator.internal.engine.constraintvalidation.ConstraintValidatorManager.findMatchingValidatorClass(ConstraintValidatorManager.java:193)
	at org.hibernate.validator.internal.engine.constraintvalidation.ConstraintValidatorManager.getInitializedValidator(ConstraintValidatorManager.java:97)
	at org.hibernate.validator.internal.engine.constraintvalidation.ConstraintTree.validateConstraints(ConstraintTree.java:125)
	at org.hibernate.validator.internal.engine.constraintvalidation.ConstraintTree.validateConstraints(ConstraintTree.java:91)
	at org.hibernate.validator.internal.metadata.core.MetaConstraint.validateConstraint(MetaConstraint.java:83)
	at org.hibernate.validator.internal.engine.ValidatorImpl.validateConstraint(ValidatorImpl.java:547)
	at org.hibernate.validator.internal.engine.ValidatorImpl.validateConstraintsForDefaultGroup(ValidatorImpl.java:487)
	at org.hibernate.validator.internal.engine.ValidatorImpl.validateConstraintsForCurrentGroup(ValidatorImpl.java:451)
	at org.hibernate.validator.internal.engine.ValidatorImpl.validateInContext(ValidatorImpl.java:403)
	at org.hibernate.validator.internal.engine.ValidatorImpl.validate(ValidatorImpl.java:206)
	at org.eclipse.persistence.internal.jpa.metadata.listeners.BeanValidationListener.validateOnCallbackEvent(BeanValidationListener.java:84)
	at org.eclipse.persistence.internal.jpa.metadata.listeners.BeanValidationListener.preUpdate(BeanValidationListener.java:72)
	at org.eclipse.persistence.descriptors.DescriptorEventManager.notifyListener(DescriptorEventManager.java:721)
	at org.eclipse.persistence.descriptors.DescriptorEventManager.notifyEJB30Listeners(DescriptorEventManager.java:691)
	at org.eclipse.persistence.descriptors.DescriptorEventManager.executeEvent(DescriptorEventManager.java:229)
	at org.eclipse.persistence.descriptors.changetracking.DeferredChangeDetectionPolicy.calculateChanges(DeferredChangeDetectionPolicy.java:87)
	at org.eclipse.persistence.descriptors.changetracking.DeferredChangeDetectionPolicy.calculateChangesForExistingObject(DeferredChangeDetectionPolicy.java:56)
	at org.eclipse.persistence.internal.sessions.UnitOfWorkImpl.calculateChanges(UnitOfWorkImpl.java:664)
	at org.eclipse.persistence.internal.sessions.RepeatableWriteUnitOfWork.writeChanges(RepeatableWriteUnitOfWork.java:438)
	at org.eclipse.persistence.internal.jpa.EntityManagerImpl.flush(EntityManagerImpl.java:863)
	at Entity.ValidatorTest.ClientValidationTest.atualizarClientInvalido(ClientValidationTest.java:76)
	at sun.reflect.NativeMethodAccessorImpl.invoke0(Native Method)
	at sun.reflect.NativeMethodAccessorImpl.invoke(NativeMethodAccessorImpl.java:62)
	at sun.reflect.DelegatingMethodAccessorImpl.invoke(DelegatingMethodAccessorImpl.java:43)
	at java.lang.reflect.Method.invoke(Method.java:498)
	at org.junit.runners.model.FrameworkMethod$1.runReflectiveCall(FrameworkMethod.java:50)
	at org.junit.internal.runners.model.ReflectiveCallable.run(ReflectiveCallable.java:12)
	at org.junit.runners.model.FrameworkMethod.invokeExplosively(FrameworkMethod.java:47)
	at org.junit.internal.runners.statements.InvokeMethod.evaluate(InvokeMethod.java:17)
	at org.junit.internal.runners.statements.ExpectException.evaluate(ExpectException.java:19)
	... 25 more
</error>
    <system-out>[EL Config]: connection: 2019-11-24 15:25:59.181--ServerSession(571696027)--Connection(728985582)--Thread(Thread[main,5,main])--disconnect
[EL Info]: connection: 2019-11-24 15:25:59.181--ServerSession(571696027)--Thread(Thread[main,5,main])--file:/home/deecarneiro/Ductum-V1/target/classes/_com.mycompany_DuctumMaven_jar_1.0-SNAPSHOTPU logout successful
[EL Config]: connection: 2019-11-24 15:25:59.181--ServerSession(571696027)--Connection(1110103522)--Thread(Thread[main,5,main])--disconnect
[EL Config]: metadata: 2019-11-24 15:25:59.192--ServerSession(1122297225)--Thread(Thread[main,5,main])--The target entity (reference) class for the one to one mapping element [field responsible] is being defaulted to: class Entity.Employee.
[EL Config]: metadata: 2019-11-24 15:25:59.193--ServerSession(1122297225)--Thread(Thread[main,5,main])--The target entity (reference) class for the many to one mapping element [field client] is being defaulted to: class Entity.Client.
[EL Config]: metadata: 2019-11-24 15:25:59.193--ServerSession(1122297225)--Thread(Thread[main,5,main])--The target entity (reference) class for the many to many mapping element [field employees] is being defaulted to: class Entity.Employee.
[EL Config]: metadata: 2019-11-24 15:25:59.194--ServerSession(1122297225)--Thread(Thread[main,5,main])--The access type for the persistent class [class Entity.Employee] is set to [FIELD].
[EL Config]: metadata: 2019-11-24 15:25:59.194--ServerSession(1122297225)--Thread(Thread[main,5,main])--The access type for the persistent class [class Entity.Client] is set to [FIELD].
[EL Config]: metadata: 2019-11-24 15:25:59.195--ServerSession(1122297225)--Thread(Thread[main,5,main])--The target entity (reference) class for the many to many mapping element [field solicitations] is being defaulted to: class Entity.Solicitation.
[EL Config]: metadata: 2019-11-24 15:25:59.195--ServerSession(1122297225)--Thread(Thread[main,5,main])--The target entity (reference) class for the many to one mapping element [field project] is being defaulted to: class Entity.Project.
[EL Config]: metadata: 2019-11-24 15:25:59.196--ServerSession(1122297225)--Thread(Thread[main,5,main])--The alias name for the entity class [class Entity.UserSuper] is being defaulted to: UserSuper.
[EL Config]: metadata: 2019-11-24 15:25:59.197--ServerSession(1122297225)--Thread(Thread[main,5,main])--The alias name for the entity class [class Entity.Project] is being defaulted to: Project.
[EL Config]: metadata: 2019-11-24 15:25:59.197--ServerSession(1122297225)--Thread(Thread[main,5,main])--The column name for element [id] is being defaulted to: ID.
[EL Config]: metadata: 2019-11-24 15:25:59.198--ServerSession(1122297225)--Thread(Thread[main,5,main])--The alias name for the entity class [class Entity.Employee] is being defaulted to: Employee.
[EL Config]: metadata: 2019-11-24 15:25:59.198--ServerSession(1122297225)--Thread(Thread[main,5,main])--The column name for element [cpf] is being defaulted to: CPF.
[EL Config]: metadata: 2019-11-24 15:25:59.198--ServerSession(1122297225)--Thread(Thread[main,5,main])--The alias name for the entity class [class Entity.Client] is being defaulted to: Client.
[EL Config]: metadata: 2019-11-24 15:25:59.198--ServerSession(1122297225)--Thread(Thread[main,5,main])--The alias name for the entity class [class Entity.Solicitation] is being defaulted to: Solicitation.
[EL Config]: metadata: 2019-11-24 15:25:59.199--ServerSession(1122297225)--Thread(Thread[main,5,main])--The column name for element [id] is being defaulted to: ID.
[EL Config]: metadata: 2019-11-24 15:25:59.199--ServerSession(1122297225)--Thread(Thread[main,5,main])--The primary key column name for the mapping element [field client] is being defaulted to: ID.
[EL Config]: metadata: 2019-11-24 15:25:59.199--ServerSession(1122297225)--Thread(Thread[main,5,main])--The source primary key column name for the many to many mapping [field employees] is being defaulted to: ID.
[EL Config]: metadata: 2019-11-24 15:25:59.199--ServerSession(1122297225)--Thread(Thread[main,5,main])--The target primary key column name for the many to many mapping [field employees] is being defaulted to: ID.
[EL Config]: metadata: 2019-11-24 15:25:59.2--ServerSession(1122297225)--Thread(Thread[main,5,main])--The source primary key column name for the many to many mapping [field solicitations] is being defaulted to: ID.
[EL Config]: metadata: 2019-11-24 15:25:59.2--ServerSession(1122297225)--Thread(Thread[main,5,main])--The target primary key column name for the many to many mapping [field solicitations] is being defaulted to: ID.
[EL Config]: metadata: 2019-11-24 15:25:59.2--ServerSession(1122297225)--Thread(Thread[main,5,main])--The primary key column name for the mapping element [field project] is being defaulted to: ID.
[EL Info]: 2019-11-24 15:25:59.204--ServerSession(1122297225)--Thread(Thread[main,5,main])--EclipseLink, version: Eclipse Persistence Services - 2.5.2.v20140319-9ad6abd
[EL Config]: connection: 2019-11-24 15:25:59.205--ServerSession(1122297225)--Connection(493310435)--Thread(Thread[main,5,main])--connecting(DatabaseLogin(
	platform=&gt;MySQLPlatform
	user name=&gt; &quot;root&quot;
	datasource URL=&gt; &quot;jdbc:mysql://localhost:3306/ductum?useTimezone=true&amp;serverTimezone=America/Sao_Paulo&quot;
))
[EL Config]: connection: 2019-11-24 15:25:59.222--ServerSession(1122297225)--Connection(1841967595)--Thread(Thread[main,5,main])--Connected: jdbc:mysql://localhost:3306/ductum?useTimezone=true&amp;serverTimezone=America/Sao_Paulo
	User: root@localhost
	Database: MySQL  Version: 5.7.28-0ubuntu0.18.04.4
	Driver: MySQL Connector/J  Version: mysql-connector-java-8.0.11 (Revision: 6d4eaa273bc181b4cf1c8ad0821a2227f116fedf)
[EL Info]: connection: 2019-11-24 15:25:59.225--ServerSession(1122297225)--Thread(Thread[main,5,main])--file:/home/deecarneiro/Ductum-V1/target/classes/_com.mycompany_DuctumMaven_jar_1.0-SNAPSHOTPU login successful
[EL Fine]: sql: 2019-11-24 15:25:59.23--ServerSession(1122297225)--Connection(1841967595)--Thread(Thread[main,5,main])--SELECT * FROM SEQUENCE WHERE SEQ_NAME = SEQ_GEN
[EL Fine]: sql: 2019-11-24 15:26:03.153--ServerSession(1122297225)--Connection(1841967595)--Thread(Thread[main,5,main])--SELECT t0.ID, t0.DISC_USER, t0.email, t0.login, t0.name, t0.password, t0.status, t0.type, t1.ID_USER, t1.cnpj FROM TB_USER t0, TB_CLIENT t1 WHERE (t1.cnpj LIKE ? AND ((t1.ID_USER = t0.ID) AND (t0.DISC_USER = ?)))
	bind =&gt; [94.444.303/0001-47, C]
</system-out>
    <system-err>Sun Nov 24 15:25:59 BRT 2019 WARN: Establishing SSL connection without server&apos;s identity verification is not recommended. According to MySQL 5.5.45+, 5.6.26+ and 5.7.6+ requirements SSL connection must be established by default if explicit option isn&apos;t set. For compliance with existing applications not using SSL the verifyServerCertificate property is set to &apos;false&apos;. You need either to explicitly disable SSL by setting useSSL=false, or set useSSL=true and provide truststore for server certificate verification.
Sun Nov 24 15:25:59 BRT 2019 WARN: Establishing SSL connection without server&apos;s identity verification is not recommended. According to MySQL 5.5.45+, 5.6.26+ and 5.7.6+ requirements SSL connection must be established by default if explicit option isn&apos;t set. For compliance with existing applications not using SSL the verifyServerCertificate property is set to &apos;false&apos;. You need either to explicitly disable SSL by setting useSSL=false, or set useSSL=true and provide truststore for server certificate verification.
</system-err>
  </testcase>
  <testcase classname="Entity.ValidatorTest.ClientValidationTest" name="persistirClientInvalido" time="0.111">
    <error message="Unexpected exception, expected&lt;javax.validation.ConstraintViolationException&gt; but was&lt;javax.validation.UnexpectedTypeException&gt;" type="java.lang.Exception">java.lang.Exception: Unexpected exception, expected&lt;javax.validation.ConstraintViolationException&gt; but was&lt;javax.validation.UnexpectedTypeException&gt;
	at org.junit.internal.runners.statements.ExpectException.evaluate(ExpectException.java:28)
	at org.junit.internal.runners.statements.RunBefores.evaluate(RunBefores.java:26)
	at org.junit.internal.runners.statements.RunAfters.evaluate(RunAfters.java:27)
	at org.junit.runners.ParentRunner.runLeaf(ParentRunner.java:325)
	at org.junit.runners.BlockJUnit4ClassRunner.runChild(BlockJUnit4ClassRunner.java:78)
	at org.junit.runners.BlockJUnit4ClassRunner.runChild(BlockJUnit4ClassRunner.java:57)
	at org.junit.runners.ParentRunner$3.run(ParentRunner.java:290)
	at org.junit.runners.ParentRunner$1.schedule(ParentRunner.java:71)
	at org.junit.runners.ParentRunner.runChildren(ParentRunner.java:288)
	at org.junit.runners.ParentRunner.access$000(ParentRunner.java:58)
	at org.junit.runners.ParentRunner$2.evaluate(ParentRunner.java:268)
	at org.junit.internal.runners.statements.RunBefores.evaluate(RunBefores.java:26)
	at org.junit.internal.runners.statements.RunAfters.evaluate(RunAfters.java:27)
	at org.junit.runners.ParentRunner.run(ParentRunner.java:363)
	at org.apache.maven.surefire.junit4.JUnit4TestSet.execute(JUnit4TestSet.java:53)
	at org.apache.maven.surefire.junit4.JUnit4Provider.executeTestSet(JUnit4Provider.java:123)
	at org.apache.maven.surefire.junit4.JUnit4Provider.invoke(JUnit4Provider.java:104)
	at sun.reflect.NativeMethodAccessorImpl.invoke0(Native Method)
	at sun.reflect.NativeMethodAccessorImpl.invoke(NativeMethodAccessorImpl.java:62)
	at sun.reflect.DelegatingMethodAccessorImpl.invoke(DelegatingMethodAccessorImpl.java:43)
	at java.lang.reflect.Method.invoke(Method.java:498)
	at org.apache.maven.surefire.util.ReflectionUtils.invokeMethodWithArray(ReflectionUtils.java:164)
	at org.apache.maven.surefire.booter.ProviderFactory$ProviderProxy.invoke(ProviderFactory.java:110)
	at org.apache.maven.surefire.booter.SurefireStarter.invokeProvider(SurefireStarter.java:175)
	at org.apache.maven.surefire.booter.SurefireStarter.runSuitesInProcessWhenForked(SurefireStarter.java:107)
	at org.apache.maven.surefire.booter.ForkedBooter.main(ForkedBooter.java:68)
Caused by: javax.validation.UnexpectedTypeException: HV000030: No validator could be found for type: Entity.Enum.StatusUser.
	at org.hibernate.validator.internal.engine.constraintvalidation.ConstraintValidatorManager.verifyResolveWasUnique(ConstraintValidatorManager.java:218)
	at org.hibernate.validator.internal.engine.constraintvalidation.ConstraintValidatorManager.findMatchingValidatorClass(ConstraintValidatorManager.java:193)
	at org.hibernate.validator.internal.engine.constraintvalidation.ConstraintValidatorManager.getInitializedValidator(ConstraintValidatorManager.java:97)
	at org.hibernate.validator.internal.engine.constraintvalidation.ConstraintTree.validateConstraints(ConstraintTree.java:125)
	at org.hibernate.validator.internal.engine.constraintvalidation.ConstraintTree.validateConstraints(ConstraintTree.java:91)
	at org.hibernate.validator.internal.metadata.core.MetaConstraint.validateConstraint(MetaConstraint.java:83)
	at org.hibernate.validator.internal.engine.ValidatorImpl.validateConstraint(ValidatorImpl.java:547)
	at org.hibernate.validator.internal.engine.ValidatorImpl.validateConstraintsForDefaultGroup(ValidatorImpl.java:487)
	at org.hibernate.validator.internal.engine.ValidatorImpl.validateConstraintsForCurrentGroup(ValidatorImpl.java:451)
	at org.hibernate.validator.internal.engine.ValidatorImpl.validateInContext(ValidatorImpl.java:403)
	at org.hibernate.validator.internal.engine.ValidatorImpl.validate(ValidatorImpl.java:206)
	at org.eclipse.persistence.internal.jpa.metadata.listeners.BeanValidationListener.validateOnCallbackEvent(BeanValidationListener.java:84)
	at org.eclipse.persistence.internal.jpa.metadata.listeners.BeanValidationListener.prePersist(BeanValidationListener.java:62)
	at org.eclipse.persistence.descriptors.DescriptorEventManager.notifyListener(DescriptorEventManager.java:748)
	at org.eclipse.persistence.descriptors.DescriptorEventManager.notifyEJB30Listeners(DescriptorEventManager.java:691)
	at org.eclipse.persistence.descriptors.DescriptorEventManager.executeEvent(DescriptorEventManager.java:229)
	at org.eclipse.persistence.internal.sessions.UnitOfWorkImpl.registerNewObjectClone(UnitOfWorkImpl.java:4316)
	at org.eclipse.persistence.internal.sessions.UnitOfWorkImpl.registerNotRegisteredNewObjectForPersist(UnitOfWorkImpl.java:4293)
	at org.eclipse.persistence.internal.sessions.RepeatableWriteUnitOfWork.registerNotRegisteredNewObjectForPersist(RepeatableWriteUnitOfWork.java:518)
	at org.eclipse.persistence.internal.sessions.UnitOfWorkImpl.registerNewObjectForPersist(UnitOfWorkImpl.java:4235)
	at org.eclipse.persistence.internal.jpa.EntityManagerImpl.persist(EntityManagerImpl.java:496)
	at Entity.ValidatorTest.ClientValidationTest.persistirClientInvalido(ClientValidationTest.java:47)
	at sun.reflect.NativeMethodAccessorImpl.invoke0(Native Method)
	at sun.reflect.NativeMethodAccessorImpl.invoke(NativeMethodAccessorImpl.java:62)
	at sun.reflect.DelegatingMethodAccessorImpl.invoke(DelegatingMethodAccessorImpl.java:43)
	at java.lang.reflect.Method.invoke(Method.java:498)
	at org.junit.runners.model.FrameworkMethod$1.runReflectiveCall(FrameworkMethod.java:50)
	at org.junit.internal.runners.model.ReflectiveCallable.run(ReflectiveCallable.java:12)
	at org.junit.runners.model.FrameworkMethod.invokeExplosively(FrameworkMethod.java:47)
	at org.junit.internal.runners.statements.InvokeMethod.evaluate(InvokeMethod.java:17)
	at org.junit.internal.runners.statements.ExpectException.evaluate(ExpectException.java:19)
	... 25 more
</error>
    <system-out>[EL Fine]: sql: 2019-11-24 15:26:03.224--ClientSession(1635011037)--Connection(1841967595)--Thread(Thread[main,5,main])--UPDATE SEQUENCE SET SEQ_COUNT = SEQ_COUNT + ? WHERE SEQ_NAME = ?
	bind =&gt; [50, SEQ_GEN]
[EL Fine]: sql: 2019-11-24 15:26:03.226--ClientSession(1635011037)--Connection(1841967595)--Thread(Thread[main,5,main])--SELECT SEQ_COUNT FROM SEQUENCE WHERE SEQ_NAME = ?
	bind =&gt; [SEQ_GEN]
</system-out>
    <system-err>nov 24, 2019 3:26:03 PM org.hibernate.validator.internal.engine.messageinterpolation.InterpolationTerm interpolateExpressionLanguageTerm
WARN: HV000129: EL expression &apos;${value}&apos; references an unknown property
javax.el.PropertyNotFoundException: Cannot find property value
	at org.hibernate.validator.internal.engine.messageinterpolation.el.RootResolver.getValue(RootResolver.java:64)
	at javax.el.CompositeELResolver.getValue(CompositeELResolver.java:188)
	at com.sun.el.parser.AstIdentifier.getValue(AstIdentifier.java:103)
	at com.sun.el.ValueExpressionImpl.getValue(ValueExpressionImpl.java:224)
	at org.hibernate.validator.internal.engine.messageinterpolation.InterpolationTerm.interpolateExpressionLanguageTerm(InterpolationTerm.java:112)
	at org.hibernate.validator.internal.engine.messageinterpolation.InterpolationTerm.interpolate(InterpolationTerm.java:90)
	at org.hibernate.validator.messageinterpolation.ResourceBundleMessageInterpolator.interpolateExpression(ResourceBundleMessageInterpolator.java:342)
	at org.hibernate.validator.messageinterpolation.ResourceBundleMessageInterpolator.interpolateMessage(ResourceBundleMessageInterpolator.java:298)
	at org.hibernate.validator.messageinterpolation.ResourceBundleMessageInterpolator.interpolate(ResourceBundleMessageInterpolator.java:182)
	at org.hibernate.validator.internal.engine.ValidationContext.interpolate(ValidationContext.java:362)
	at org.hibernate.validator.internal.engine.ValidationContext.createConstraintViolation(ValidationContext.java:271)
	at org.hibernate.validator.internal.engine.ValidationContext.createConstraintViolations(ValidationContext.java:232)
	at org.hibernate.validator.internal.engine.constraintvalidation.ConstraintTree.validateSingleConstraint(ConstraintTree.java:291)
	at org.hibernate.validator.internal.engine.constraintvalidation.ConstraintTree.validateConstraints(ConstraintTree.java:133)
	at org.hibernate.validator.internal.engine.constraintvalidation.ConstraintTree.validateComposingConstraints(ConstraintTree.java:233)
	at org.hibernate.validator.internal.engine.constraintvalidation.ConstraintTree.validateConstraints(ConstraintTree.java:102)
	at org.hibernate.validator.internal.engine.constraintvalidation.ConstraintTree.validateConstraints(ConstraintTree.java:91)
	at org.hibernate.validator.internal.metadata.core.MetaConstraint.validateConstraint(MetaConstraint.java:83)
	at org.hibernate.validator.internal.engine.ValidatorImpl.validateConstraint(ValidatorImpl.java:547)
	at org.hibernate.validator.internal.engine.ValidatorImpl.validateConstraintsForDefaultGroup(ValidatorImpl.java:487)
	at org.hibernate.validator.internal.engine.ValidatorImpl.validateConstraintsForCurrentGroup(ValidatorImpl.java:451)
	at org.hibernate.validator.internal.engine.ValidatorImpl.validateInContext(ValidatorImpl.java:403)
	at org.hibernate.validator.internal.engine.ValidatorImpl.validate(ValidatorImpl.java:206)
	at org.eclipse.persistence.internal.jpa.metadata.listeners.BeanValidationListener.validateOnCallbackEvent(BeanValidationListener.java:84)
	at org.eclipse.persistence.internal.jpa.metadata.listeners.BeanValidationListener.prePersist(BeanValidationListener.java:62)
	at org.eclipse.persistence.descriptors.DescriptorEventManager.notifyListener(DescriptorEventManager.java:748)
	at org.eclipse.persistence.descriptors.DescriptorEventManager.notifyEJB30Listeners(DescriptorEventManager.java:691)
	at org.eclipse.persistence.descriptors.DescriptorEventManager.executeEvent(DescriptorEventManager.java:229)
	at org.eclipse.persistence.internal.sessions.UnitOfWorkImpl.registerNewObjectClone(UnitOfWorkImpl.java:4316)
	at org.eclipse.persistence.internal.sessions.UnitOfWorkImpl.registerNotRegisteredNewObjectForPersist(UnitOfWorkImpl.java:4293)
	at org.eclipse.persistence.internal.sessions.RepeatableWriteUnitOfWork.registerNotRegisteredNewObjectForPersist(RepeatableWriteUnitOfWork.java:518)
	at org.eclipse.persistence.internal.sessions.UnitOfWorkImpl.registerNewObjectForPersist(UnitOfWorkImpl.java:4235)
	at org.eclipse.persistence.internal.jpa.EntityManagerImpl.persist(EntityManagerImpl.java:496)
	at Entity.ValidatorTest.ClientValidationTest.persistirClientInvalido(ClientValidationTest.java:47)
	at sun.reflect.NativeMethodAccessorImpl.invoke0(Native Method)
	at sun.reflect.NativeMethodAccessorImpl.invoke(NativeMethodAccessorImpl.java:62)
	at sun.reflect.DelegatingMethodAccessorImpl.invoke(DelegatingMethodAccessorImpl.java:43)
	at java.lang.reflect.Method.invoke(Method.java:498)
	at org.junit.runners.model.FrameworkMethod$1.runReflectiveCall(FrameworkMethod.java:50)
	at org.junit.internal.runners.model.ReflectiveCallable.run(ReflectiveCallable.java:12)
	at org.junit.runners.model.FrameworkMethod.invokeExplosively(FrameworkMethod.java:47)
	at org.junit.internal.runners.statements.InvokeMethod.evaluate(InvokeMethod.java:17)
	at org.junit.internal.runners.statements.ExpectException.evaluate(ExpectException.java:19)
	at org.junit.internal.runners.statements.RunBefores.evaluate(RunBefores.java:26)
	at org.junit.internal.runners.statements.RunAfters.evaluate(RunAfters.java:27)
	at org.junit.runners.ParentRunner.runLeaf(ParentRunner.java:325)
	at org.junit.runners.BlockJUnit4ClassRunner.runChild(BlockJUnit4ClassRunner.java:78)
	at org.junit.runners.BlockJUnit4ClassRunner.runChild(BlockJUnit4ClassRunner.java:57)
	at org.junit.runners.ParentRunner$3.run(ParentRunner.java:290)
	at org.junit.runners.ParentRunner$1.schedule(ParentRunner.java:71)
	at org.junit.runners.ParentRunner.runChildren(ParentRunner.java:288)
	at org.junit.runners.ParentRunner.access$000(ParentRunner.java:58)
	at org.junit.runners.ParentRunner$2.evaluate(ParentRunner.java:268)
	at org.junit.internal.runners.statements.RunBefores.evaluate(RunBefores.java:26)
	at org.junit.internal.runners.statements.RunAfters.evaluate(RunAfters.java:27)
	at org.junit.runners.ParentRunner.run(ParentRunner.java:363)
	at org.apache.maven.surefire.junit4.JUnit4TestSet.execute(JUnit4TestSet.java:53)
	at org.apache.maven.surefire.junit4.JUnit4Provider.executeTestSet(JUnit4Provider.java:123)
	at org.apache.maven.surefire.junit4.JUnit4Provider.invoke(JUnit4Provider.java:104)
	at sun.reflect.NativeMethodAccessorImpl.invoke0(Native Method)
	at sun.reflect.NativeMethodAccessorImpl.invoke(NativeMethodAccessorImpl.java:62)
	at sun.reflect.DelegatingMethodAccessorImpl.invoke(DelegatingMethodAccessorImpl.java:43)
	at java.lang.reflect.Method.invoke(Method.java:498)
	at org.apache.maven.surefire.util.ReflectionUtils.invokeMethodWithArray(ReflectionUtils.java:164)
	at org.apache.maven.surefire.booter.ProviderFactory$ProviderProxy.invoke(ProviderFactory.java:110)
	at org.apache.maven.surefire.booter.SurefireStarter.invokeProvider(SurefireStarter.java:175)
	at org.apache.maven.surefire.booter.SurefireStarter.runSuitesInProcessWhenForked(SurefireStarter.java:107)
	at org.apache.maven.surefire.booter.ForkedBooter.main(ForkedBooter.java:68)

</system-err>
  </testcase>
</testsuite>